Сборка начата 23.12.2025 00:24:51.
Уровень детализации журнала: Normal.     1>Проект "C:\Users\Dmitriy\Desktop\documentation\Calculator\Calculator\Calculator.vcxproj" в узле 2 (целевые объекты Build).
     1>PrepareForBuild:
         Структурированный вывод включен. Форматирование диагностики компилятора будет отражать иерархию ошибок. Подробнее см. https://aka.ms/cpp/structured-output.
       InitializeBuildStatus:
         Создание "x64\Debug\Calculator.tlog\unsuccessfulbuild", так как было задано "AlwaysCreate".
         Обращение к "x64\Debug\Calculator.tlog\unsuccessfulbuild".
       ClCompile:
         C:\Program Files\Microsoft Visual Studio\2022\Community\VC\Tools\MSVC\14.44.35207\bin\HostX64\x64\CL.exe /c /ZI /JMC /nologo /W3 /WX- /diagnostics:column /sdl /Od /D _DEBUG /D _CONSOLE /D _UNICODE /D UNICODE /Gm- /EHsc /RTC1 /MDd /GS /fp:precise /Zc:wchar_t /Zc:forScope /Zc:inline /permissive- /Fo"x64\Debug\\" /Fd"x64\Debug\vc143.pdb" /external:W3 /Gd /TP /FC /errorReport:prompt advancedCalculator.cpp asciiTable.cpp basicCalculator.cpp binaryCalculation.cpp Calculator.cpp digitalSystem.cpp digitalSystem.h
         advancedCalculator.cpp
         asciiTable.cpp
         basicCalculator.cpp
         binaryCalculation.cpp
         Calculator.cpp
         digitalSystem.cpp
         digitalSystem.h
         Создание кода...
       Link:
         C:\Program Files\Microsoft Visual Studio\2022\Community\VC\Tools\MSVC\14.44.35207\bin\HostX64\x64\link.exe /ERRORREPORT:PROMPT /OUT:"C:\Users\Dmitriy\Desktop\documentation\Calculator\x64\Debug\Calculator.exe" /INCREMENTAL /ILK:"x64\Debug\Calculator.ilk" /NOLOGO kernel32.lib user32.lib gdi32.lib winspool.lib comdlg32.lib advapi32.lib shell32.lib ole32.lib oleaut32.lib uuid.lib odbc32.lib odbccp32.lib /MANIFEST /MANIFESTUAC:"level='asInvoker' uiAccess='false'" /manifest:embed /DEBUG /PDB:"C:\Users\Dmitriy\Desktop\documentation\Calculator\x64\Debug\Calculator.pdb" /SUBSYSTEM:CONSOLE /TLBID:1 /DYNAMICBASE /NXCOMPAT /IMPLIB:"C:\Users\Dmitriy\Desktop\documentation\Calculator\x64\Debug\Calculator.lib" /MACHINE:X64 x64\Debug\advancedCalculator.obj
         x64\Debug\asciiTable.obj
         x64\Debug\basicCalculator.obj
         x64\Debug\binaryCalculation.obj
         x64\Debug\Calculator.obj
         x64\Debug\digitalSystem.obj
         x64\Debug\digitalSystem.obj
     1>x64\Debug\digitalSystem.obj : warning LNK4042: объект указан более одного раза; лишние не учитываются
         Calculator.vcxproj -> C:\Users\Dmitriy\Desktop\documentation\Calculator\x64\Debug\Calculator.exe
       TlogCleanup:
         Следующие элементы будут удалены из tlogs, так как они были удалены из проекта или сборки: C:\Users\Dmitriy\Desktop\Calculator\Calculator\advancedCalculator.cpp.
       FinalizeBuildStatus:
         Файл "x64\Debug\Calculator.tlog\unsuccessfulbuild" удаляется.
         Обращение к "x64\Debug\Calculator.tlog\Calculator.lastbuildstate".
     1>Сборка проекта "C:\Users\Dmitriy\Desktop\documentation\Calculator\Calculator\Calculator.vcxproj" завершена (целевые объекты Build).

Сборка успешно завершена.

       "C:\Users\Dmitriy\Desktop\documentation\Calculator\Calculator\Calculator.vcxproj" (целевой объект Build ) (1) ->
       (Целевой объект Link) -> 
         x64\Debug\digitalSystem.obj : warning LNK4042: объект указан более одного раза; лишние не учитываются

    Предупреждений: 1
    Ошибок: 0

Прошло времени 00:00:04.38
